<?xml version="1.0" encoding="UTF-8"?>
<coverage generated="1745847466287" clover="3.2.0">
  <project timestamp="1745847466287" name="All files">
    <metrics statements="56" coveredstatements="49" conditionals="4" coveredconditionals="3" methods="18" coveredmethods="14" elements="78" coveredelements="66" complexity="0" loc="56" ncloc="56" packages="1" files="2" classes="2"/>
    <file name="P2P.compile.ts" path="C:\toncli\wallet\P2P\wrappers\P2P.compile.ts">
      <metrics statements="1" coveredstatements="1" conditionals="0" coveredconditionals="0" methods="0" coveredmethods="0"/>
      <line num="3" count="8" type="stmt"/>
    </file>
    <file name="P2P.ts" path="C:\toncli\wallet\P2P\wrappers\P2P.ts">
      <metrics statements="55" coveredstatements="48" conditionals="4" coveredconditionals="3" methods="18" coveredmethods="14"/>
      <line num="1" count="8" type="stmt"/>
      <line num="18" count="8" type="stmt"/>
      <line num="20" count="22" type="stmt"/>
      <line num="21" count="22" type="stmt"/>
      <line num="28" count="0" type="stmt"/>
      <line num="41" count="22" type="stmt"/>
      <line num="52" count="22" type="stmt"/>
      <line num="53" count="22" type="stmt"/>
      <line num="54" count="22" type="stmt"/>
      <line num="65" count="22" type="stmt"/>
      <line num="83" count="38" type="stmt"/>
      <line num="85" count="38" type="stmt"/>
      <line num="95" count="38" type="stmt"/>
      <line num="111" count="40" type="stmt"/>
      <line num="113" count="40" type="stmt"/>
      <line num="119" count="40" type="stmt"/>
      <line num="137" count="31" type="stmt"/>
      <line num="140" count="31" type="stmt"/>
      <line num="148" count="31" type="stmt"/>
      <line num="163" count="6" type="stmt"/>
      <line num="169" count="6" type="stmt"/>
      <line num="185" count="0" type="stmt"/>
      <line num="191" count="0" type="stmt"/>
      <line num="206" count="5" type="stmt"/>
      <line num="212" count="5" type="stmt"/>
      <line num="223" count="13" type="stmt"/>
      <line num="227" count="13" type="stmt"/>
      <line num="228" count="13" type="stmt"/>
      <line num="229" count="13" type="stmt"/>
      <line num="231" count="13" type="stmt"/>
      <line num="238" count="2" type="stmt"/>
      <line num="239" count="2" type="stmt"/>
      <line num="246" count="2" type="stmt"/>
      <line num="247" count="2" type="stmt"/>
      <line num="254" count="13" type="stmt"/>
      <line num="255" count="13" type="stmt"/>
      <line num="256" count="13" type="stmt"/>
      <line num="257" count="13" type="stmt"/>
      <line num="258" count="13" type="stmt"/>
      <line num="259" count="13" type="stmt"/>
      <line num="260" count="13" type="stmt"/>
      <line num="261" count="13" type="stmt"/>
      <line num="275" count="4" type="stmt"/>
      <line num="279" count="4" type="stmt"/>
      <line num="280" count="4" type="stmt"/>
      <line num="281" count="4" type="stmt"/>
      <line num="282" count="4" type="stmt"/>
      <line num="283" count="4" type="stmt"/>
      <line num="285" count="4" type="stmt"/>
      <line num="292" count="0" type="stmt"/>
      <line num="295" count="0" type="stmt"/>
      <line num="302" count="0" type="stmt"/>
      <line num="303" count="0" type="stmt"/>
      <line num="310" count="9" type="stmt"/>
      <line num="313" count="9" type="stmt"/>
    </file>
  </project>
</coverage>
