{"C:\\toncli\\wallet\\P2P\\wrappers\\P2P.compile.ts": {"path":"C:\\toncli\\wallet\\P2P\\wrappers\\P2P.compile.ts","statementMap":{"0":{"start":{"line":3,"column":13},"end":{"line":6,"column":2}}},"fnMap":{},"branchMap":{},"s":{"0":8},"f":{},"b":{}}
,"C:\\toncli\\wallet\\P2P\\wrappers\\P2P.ts": {"path":"C:\\toncli\\wallet\\P2P\\wrappers\\P2P.ts","statementMap":{"0":{"start":{"line":1,"column":0},"end":{"line":1,"column":null}},"1":{"start":{"line":20,"column":17},"end":{"line":20,"column":33}},"2":{"start":{"line":21,"column":17},"end":{"line":21,"column":50}},"3":{"start":{"line":28,"column":8},"end":{"line":28,"column":32}},"4":{"start":{"line":41,"column":21},"end":{"line":50,"column":22}},"5":{"start":{"line":52,"column":21},"end":{"line":52,"column":35}},"6":{"start":{"line":53,"column":24},"end":{"line":53,"column":56}},"7":{"start":{"line":54,"column":8},"end":{"line":54,"column":38}},"8":{"start":{"line":65,"column":8},"end":{"line":69,"column":11}},"9":{"start":{"line":83,"column":25},"end":{"line":83,"column":68}},"10":{"start":{"line":85,"column":24},"end":{"line":93,"column":22}},"11":{"start":{"line":95,"column":8},"end":{"line":99,"column":11}},"12":{"start":{"line":111,"column":25},"end":{"line":111,"column":68}},"13":{"start":{"line":113,"column":24},"end":{"line":117,"column":22}},"14":{"start":{"line":119,"column":8},"end":{"line":124,"column":11}},"15":{"start":{"line":137,"column":25},"end":{"line":137,"column":68}},"16":{"start":{"line":140,"column":24},"end":{"line":145,"column":22}},"17":{"start":{"line":148,"column":8},"end":{"line":152,"column":11}},"18":{"start":{"line":163,"column":24},"end":{"line":167,"column":22}},"19":{"start":{"line":169,"column":8},"end":{"line":173,"column":11}},"20":{"start":{"line":185,"column":24},"end":{"line":189,"column":22}},"21":{"start":{"line":191,"column":8},"end":{"line":195,"column":11}},"22":{"start":{"line":206,"column":24},"end":{"line":209,"column":22}},"23":{"start":{"line":212,"column":8},"end":{"line":216,"column":11}},"24":{"start":{"line":223,"column":20},"end":{"line":225,"column":10}},"25":{"start":{"line":227,"column":23},"end":{"line":227,"column":48}},"26":{"start":{"line":228,"column":23},"end":{"line":228,"column":45}},"27":{"start":{"line":229,"column":29},"end":{"line":229,"column":54}},"28":{"start":{"line":231,"column":8},"end":{"line":231,"column":48}},"29":{"start":{"line":238,"column":20},"end":{"line":238,"column":62}},"30":{"start":{"line":239,"column":8},"end":{"line":239,"column":38}},"31":{"start":{"line":246,"column":20},"end":{"line":246,"column":59}},"32":{"start":{"line":247,"column":8},"end":{"line":247,"column":39}},"33":{"start":{"line":254,"column":20},"end":{"line":254,"column":69}},"34":{"start":{"line":255,"column":28},"end":{"line":255,"column":50}},"35":{"start":{"line":256,"column":32},"end":{"line":256,"column":54}},"36":{"start":{"line":257,"column":33},"end":{"line":257,"column":56}},"37":{"start":{"line":258,"column":26},"end":{"line":258,"column":48}},"38":{"start":{"line":259,"column":28},"end":{"line":259,"column":50}},"39":{"start":{"line":260,"column":28},"end":{"line":260,"column":50}},"40":{"start":{"line":261,"column":8},"end":{"line":268,"column":10}},"41":{"start":{"line":275,"column":20},"end":{"line":277,"column":10}},"42":{"start":{"line":279,"column":23},"end":{"line":279,"column":46}},"43":{"start":{"line":280,"column":22},"end":{"line":280,"column":45}},"44":{"start":{"line":281,"column":23},"end":{"line":281,"column":48}},"45":{"start":{"line":282,"column":23},"end":{"line":282,"column":45}},"46":{"start":{"line":283,"column":29},"end":{"line":283,"column":54}},"47":{"start":{"line":285,"column":8},"end":{"line":285,"column":63}},"48":{"start":{"line":292,"column":20},"end":{"line":294,"column":10}},"49":{"start":{"line":295,"column":8},"end":{"line":295,"column":45}},"50":{"start":{"line":302,"column":20},"end":{"line":302,"column":64}},"51":{"start":{"line":303,"column":8},"end":{"line":303,"column":36}},"52":{"start":{"line":310,"column":20},"end":{"line":312,"column":10}},"53":{"start":{"line":313,"column":8},"end":{"line":313,"column":41}},"54":{"start":{"line":18,"column":0},"end":{"line":18,"column":13}}},"fnMap":{"0":{"name":"(anonymous_0)","decl":{"start":{"line":19,"column":4},"end":{"line":19,"column":null}},"loc":{"start":{"line":21,"column":50},"end":{"line":22,"column":8}}},"1":{"name":"(anonymous_1)","decl":{"start":{"line":27,"column":4},"end":{"line":27,"column":10}},"loc":{"start":{"line":27,"column":45},"end":{"line":29,"column":5}}},"2":{"name":"(anonymous_2)","decl":{"start":{"line":35,"column":4},"end":{"line":35,"column":10}},"loc":{"start":{"line":38,"column":29},"end":{"line":55,"column":5}}},"3":{"name":"(anonymous_3)","decl":{"start":{"line":60,"column":4},"end":{"line":60,"column":9}},"loc":{"start":{"line":63,"column":38},"end":{"line":70,"column":5}}},"4":{"name":"(anonymous_4)","decl":{"start":{"line":75,"column":4},"end":{"line":75,"column":9}},"loc":{"start":{"line":81,"column":20},"end":{"line":100,"column":5}}},"5":{"name":"(anonymous_5)","decl":{"start":{"line":105,"column":4},"end":{"line":105,"column":9}},"loc":{"start":{"line":109,"column":21},"end":{"line":125,"column":5}}},"6":{"name":"(anonymous_6)","decl":{"start":{"line":130,"column":4},"end":{"line":130,"column":9}},"loc":{"start":{"line":134,"column":31},"end":{"line":153,"column":5}}},"7":{"name":"(anonymous_7)","decl":{"start":{"line":158,"column":4},"end":{"line":158,"column":9}},"loc":{"start":{"line":161,"column":19},"end":{"line":174,"column":5}}},"8":{"name":"(anonymous_8)","decl":{"start":{"line":179,"column":4},"end":{"line":179,"column":9}},"loc":{"start":{"line":183,"column":22},"end":{"line":196,"column":5}}},"9":{"name":"(anonymous_9)","decl":{"start":{"line":201,"column":4},"end":{"line":201,"column":9}},"loc":{"start":{"line":203,"column":19},"end":{"line":217,"column":5}}},"10":{"name":"(anonymous_10)","decl":{"start":{"line":222,"column":4},"end":{"line":222,"column":9}},"loc":{"start":{"line":222,"column":64},"end":{"line":232,"column":5}}},"11":{"name":"(anonymous_11)","decl":{"start":{"line":237,"column":4},"end":{"line":237,"column":9}},"loc":{"start":{"line":237,"column":51},"end":{"line":240,"column":5}}},"12":{"name":"(anonymous_12)","decl":{"start":{"line":245,"column":4},"end":{"line":245,"column":9}},"loc":{"start":{"line":245,"column":56},"end":{"line":248,"column":5}}},"13":{"name":"(anonymous_13)","decl":{"start":{"line":253,"column":4},"end":{"line":253,"column":9}},"loc":{"start":{"line":253,"column":52},"end":{"line":269,"column":5}}},"14":{"name":"(anonymous_14)","decl":{"start":{"line":274,"column":4},"end":{"line":274,"column":9}},"loc":{"start":{"line":274,"column":68},"end":{"line":286,"column":5}}},"15":{"name":"(anonymous_15)","decl":{"start":{"line":291,"column":4},"end":{"line":291,"column":9}},"loc":{"start":{"line":291,"column":68},"end":{"line":296,"column":5}}},"16":{"name":"(anonymous_16)","decl":{"start":{"line":301,"column":4},"end":{"line":301,"column":9}},"loc":{"start":{"line":301,"column":52},"end":{"line":304,"column":5}}},"17":{"name":"(anonymous_17)","decl":{"start":{"line":309,"column":4},"end":{"line":309,"column":9}},"loc":{"start":{"line":309,"column":64},"end":{"line":314,"column":5}}}},"branchMap":{"0":{"loc":{"start":{"line":38,"column":8},"end":{"line":38,"column":29}},"type":"default-arg","locations":[{"start":{"line":38,"column":28},"end":{"line":38,"column":29}}]},"1":{"loc":{"start":{"line":63,"column":8},"end":{"line":63,"column":38}},"type":"default-arg","locations":[{"start":{"line":63,"column":24},"end":{"line":63,"column":38}}]},"2":{"loc":{"start":{"line":144,"column":23},"end":{"line":144,"column":45}},"type":"cond-expr","locations":[{"start":{"line":144,"column":40},"end":{"line":144,"column":41}},{"start":{"line":144,"column":44},"end":{"line":144,"column":45}}]}},"s":{"0":8,"1":22,"2":22,"3":0,"4":22,"5":22,"6":22,"7":22,"8":22,"9":38,"10":38,"11":38,"12":40,"13":40,"14":40,"15":31,"16":31,"17":31,"18":6,"19":6,"20":0,"21":0,"22":5,"23":5,"24":13,"25":13,"26":13,"27":13,"28":13,"29":2,"30":2,"31":2,"32":2,"33":13,"34":13,"35":13,"36":13,"37":13,"38":13,"39":13,"40":13,"41":4,"42":4,"43":4,"44":4,"45":4,"46":4,"47":4,"48":0,"49":0,"50":0,"51":0,"52":9,"53":9,"54":8},"f":{"0":22,"1":0,"2":22,"3":22,"4":38,"5":40,"6":31,"7":6,"8":0,"9":5,"10":13,"11":2,"12":2,"13":13,"14":4,"15":0,"16":0,"17":9},"b":{"0":[14],"1":[0],"2":[28,3]}}
}
