TN:
SF:wrappers\P2P.compile.ts
FNF:0
FNH:0
DA:3,8
LF:1
LH:1
BRF:0
BRH:0
end_of_record
TN:
SF:wrappers\P2P.ts
FN:19,(anonymous_0)
FN:27,(anonymous_1)
FN:35,(anonymous_2)
FN:60,(anonymous_3)
FN:75,(anonymous_4)
FN:105,(anonymous_5)
FN:130,(anonymous_6)
FN:158,(anonymous_7)
FN:179,(anonymous_8)
FN:201,(anonymous_9)
FN:222,(anonymous_10)
FN:237,(anonymous_11)
FN:245,(anonymous_12)
FN:253,(anonymous_13)
FN:274,(anonymous_14)
FN:291,(anonymous_15)
FN:301,(anonymous_16)
FN:309,(anonymous_17)
FNF:18
FNH:14
FNDA:22,(anonymous_0)
FNDA:0,(anonymous_1)
FNDA:22,(anonymous_2)
FNDA:22,(anonymous_3)
FNDA:38,(anonymous_4)
FNDA:40,(anonymous_5)
FNDA:31,(anonymous_6)
FNDA:6,(anonymous_7)
FNDA:0,(anonymous_8)
FNDA:5,(anonymous_9)
FNDA:13,(anonymous_10)
FNDA:2,(anonymous_11)
FNDA:2,(anonymous_12)
FNDA:13,(anonymous_13)
FNDA:4,(anonymous_14)
FNDA:0,(anonymous_15)
FNDA:0,(anonymous_16)
FNDA:9,(anonymous_17)
DA:1,8
DA:18,8
DA:20,22
DA:21,22
DA:28,0
DA:41,22
DA:52,22
DA:53,22
DA:54,22
DA:65,22
DA:83,38
DA:85,38
DA:95,38
DA:111,40
DA:113,40
DA:119,40
DA:137,31
DA:140,31
DA:148,31
DA:163,6
DA:169,6
DA:185,0
DA:191,0
DA:206,5
DA:212,5
DA:223,13
DA:227,13
DA:228,13
DA:229,13
DA:231,13
DA:238,2
DA:239,2
DA:246,2
DA:247,2
DA:254,13
DA:255,13
DA:256,13
DA:257,13
DA:258,13
DA:259,13
DA:260,13
DA:261,13
DA:275,4
DA:279,4
DA:280,4
DA:281,4
DA:282,4
DA:283,4
DA:285,4
DA:292,0
DA:295,0
DA:302,0
DA:303,0
DA:310,9
DA:313,9
LF:55
LH:48
BRDA:38,0,0,14
BRDA:63,1,0,0
BRDA:144,2,0,28
BRDA:144,2,1,3
BRF:4
BRH:3
end_of_record
